rake works
rake works
rake works
rake works
rake works
rake works
rake works
rake works
rake works
rake works
rake works
rake works
rake works
rake works
rake works
rake works
rake works
rake works
rake works
rake works
rake works
rake works
rake works
rake works
rake works
rake works
rake works
rake works
rake works
rake works
rake works
rake works
rake works
rake works
rake works
rake works
rake works
rake works
rake works
rake works
rake works
rake works
rake works
rake works
rake works
rake works
rake works
rake works
rake works
rake works
rake works
rake works
rake works
rake works
rake works
rake works
rake works
rake works
rake works
rake works
rake works
rake works
rake works
rake works
rake works
rake works
rake works
rake works
rake works
rake works
rake works
rake works
rake works
rake works
rake works
rake works
rake works
rake works
rake works
rake works
rake works
rake works
rake works
rake works
rake works
rake works
rake works
rake works
rake works
rake works
rake works
rake works
rake works
rake works
rake works
rake works
rake works
rake works
rake works
rake works
rake works
rake works
rake works
rake works
rake works
rake works
rake works
rake works
rake works
rake works
rake works
rake works
rake works
rake works
rake works
rake works
rake works
rake works
rake works
rake works
rake works
rake works
rake works
rake works
rake works
rake works
rake works
rake works
rake works
rake works
rake works
rake works
rake works
rake works
rake works
rake works
rake works
rake works
rake works
rake works
rake works
rake works
rake works
rake works
rake works
rake works
rake works
rake works
rake works
rake works
rake works
rake works
rake works
rake works
rake works
rake works
rake works
rake works
rake works
rake works
rake works
rake works
rake works
rake works
rake works
rake works
rake works
rake works
rake works
rake works
rake works
rake works
rake works
rake works
rake works
rake works
rake works
rake works
rake works
rake works
rake works
rake works
rake works
rake works
rake works
rake works
rake works
rake works
rake works
rake works
rake works
rake works
rake works
rake works
rake works
rake works
rake works
rake works
rake works
rake works
rake works
rake works
rake works
rake works
rake works
rake works
rake works
rake works
rake works
rake works
rake works
rake works
rake works
rake works
rake works
rake works
rake works
rake works
rake works
rake works
rake works
rake works
rake works
rake works
rake works
rake works
rake works
rake works
rake works
rake works
rake works
rake works
rake works
rake works
rake works
rake works
rake works
rake works
rake works
rake works
rake works
rake works
rake works
rake works
rake works
rake works
rake works
rake works
rake works
rake works
rake works
rake works
rake works
rake works
rake works
rake works
rake works
rake works
rake works
rake works
rake works
rake works
rake works
rake works
rake works
rake works
rake works
rake works
rake works
rake works
rake works
rake works
rake works
rake works
rake works
rake works
rake works
rake works
rake works
rake works
rake works
rake works
rake works
rake works
rake works
rake works
rake works
rake works
rake works
rake works
rake works
rake works
rake works
rake works
rake works
rake works
rake works
rake works
rake works
rake works
rake works
rake works
rake works
rake works
rake works
rake works
rake works
rake works
rake works
rake works
rake works
rake works
rake works
rake works
rake works
rake works
rake works
rake works
rake works
rake works
rake works
rake works
rake works
rake works
rake works
rake works
rake works
rake works
rake works
rake works
rake works
rake works
rake works
rake works
rake works
rake works
rake works
rake works
rake works
rake works
rake works
rake works
rake works
rake works
rake works
rake works
rake works
rake works
rake works
rake works
rake works
rake works
rake works
rake works
rake works
rake works
rake works
rake works
rake works
rake works
rake works
rake works
rake works
rake works
rake works
rake works
rake works
rake works
rake works
rake works
rake works
rake works
rake works
rake works
rake works
rake works
rake works
rake works
rake works
rake works
rake works
rake works
rake works
rake works
rake works
rake works
rake works
rake works
rake works
rake works
rake works
rake works
rake works
rake works
rake works
rake works
rake works
rake works
rake works
rake works
rake works
rake works
rake works
rake works
rake works
rake works
rake works
rake works
rake works
rake works
rake works
rake works
rake works
rake works
rake works
rake works
rake works
rake works
rake works
rake works
rake works
rake works
rake works
rake works
rake works
rake works
rake works
rake works
rake works
rake works
rake works
rake works
rake works
rake works
rake works
rake works
rake works
rake works
rake works
rake works
rake works
rake works
rake works
rake works
rake works
rake works
rake works
rake works
rake works
rake works
rake works
rake works
rake works
rake works
rake works
rake works
rake works
rake works
rake works
rake works
rake works
rake works
rake works
rake works
rake works
rake works
rake works
rake works
rake works
rake works
rake works
rake works
rake works
rake works
rake works
rake works
rake works
rake works
rake works
rake works
rake works
rake works
rake works
rake works
rake works
rake works
rake works
rake works
rake works
rake works
rake works
rake works
rake works
rake works
rake works
rake works
rake works
rake works
rake works
rake works
rake works
rake works
rake works
rake works
rake works
rake works
rake works
rake works
rake works
rake works
rake works
rake works
rake works
rake works
rake works
rake works
rake works
rake works
rake works
rake works
rake works
rake works
rake works
rake works
rake works
rake works
rake works
rake works
rake works
rake works
rake works
rake works
rake works
rake works
rake works
rake works
rake works
rake works
rake works
rake works
rake works
rake works
rake works
rake works
rake works
rake works
rake works
rake works
rake works
rake works
rake works
rake works
rake works
rake works
rake works
rake works
rake works
rake works
rake works
rake works
rake works
rake works
rake works
rake works
rake works
rake works
rake works
rake works
rake works
rake works
rake works
rake works
rake works
rake works
rake works
rake works
rake works
rake works
rake works
rake works
rake works
rake works
rake works
rake works
rake works
rake works
rake works
rake works
rake works
rake works
rake works
rake works
rake works
rake works
rake works
rake works
rake works
rake works
rake works
rake works
rake works
rake works
rake works
rake works
rake works
rake works
rake works
rake works
rake works
rake works
rake works
rake works
rake works
rake works
rake works
rake works
rake works
rake works
rake works
rake works
rake works
rake works
rake works
rake works
rake works
rake works
rake works
rake works
rake works
rake works
rake works
rake works
rake works
rake works
rake works
rake works
rake works
rake works
rake works
rake works
rake works
rake works
rake works
rake works
rake works
rake works
rake works
rake works
rake works
rake works
rake works
rake works
rake works
rake works
rake works
rake works
rake works
rake works
rake works
rake works
rake works
rake works
rake works
rake works
rake works
rake works
rake works
rake works
rake works
rake works
rake works
rake works
rake works
rake works
rake works
rake works
rake works
rake works
rake works
rake works
rake works
rake works
rake works
rake works
rake works
rake works
rake works
rake works
rake works
rake works
rake works
rake works
rake works
rake works
rake works
rake works
rake works
rake works
rake works
rake works
rake works
rake works
rake works
rake works
rake works
rake works
rake works
rake works
rake works
rake works
rake works
rake works
rake works
rake works
rake works
rake works
rake works
rake works
rake works
rake works
rake works
rake works
rake works
rake works
rake works
rake works
rake works
rake works
rake works
rake works
rake works
rake works
rake works
rake works
rake works
rake works
rake works
rake works
rake works
rake works
rake works
rake works
rake works
rake works
rake works
rake works
rake works
rake works
rake works
rake works
rake works
rake works
rake works
rake works
rake works
rake works
rake works
rake works
rake works
rake works
rake works
rake works
rake works
rake works
rake works
rake works
rake works
rake works
rake works
rake works
rake works
rake works
rake works
rake works
rake works
rake works
rake works
rake works
rake works
rake works
rake works
rake works
rake works
rake works
rake works
rake works
rake works
rake works
rake works
rake works
rake works
rake works
rake works
rake works
rake works
rake works
rake works
rake works
rake works
rake works
rake works
rake works
rake works
rake works
rake works
rake works
rake works
rake works
rake works
rake works
rake works
rake works
rake works
rake works
rake works
rake works
rake works
rake works
rake works
rake works
rake works
rake works
rake works
rake works
rake works
rake works
rake works
rake works
rake works
rake works
rake works
rake works
rake works
rake works
rake works
rake works
rake works
rake works
rake works
rake works
rake works
rake works
rake works
rake works
rake works
rake works
rake works
rake works
rake works
rake works
rake works
rake works
rake works
rake works
rake works
rake works
rake works
rake works
rake works
rake works
rake works
rake works
rake works
rake works
rake works
rake works
rake works
rake works
rake works
rake works
rake works
rake works
rake works
rake works
rake works
rake works
rake works
rake works
rake works
rake works
rake works
rake works
rake works
rake works
rake works
rake works
rake works
rake works
rake works
rake works
rake works
rake works
rake works
rake works
rake works
rake works
rake works
rake works
rake works
rake works
rake works
rake works
rake works
rake works
rake works
rake works
rake works
rake works
rake works
rake works
rake works
rake works
rake works
rake works
rake works
rake works
rake works
rake works
rake works
rake works
rake works
rake works
rake works
rake works
rake works
rake works
rake works
rake works
rake works
rake works
rake works
rake works
rake works
rake works
rake works
rake works
rake works
rake works
rake works
rake works
rake works
rake works
rake works
rake works
rake works
rake works
rake works
rake works
rake works
rake works
rake works
rake works
rake works
rake works
rake works
rake works
rake works
rake works
rake works
rake works
rake works
rake works
rake works
rake works
rake works
rake works
rake works
rake works
rake works
rake works
rake works
rake works
rake works
rake works
rake works
rake works
rake works
rake works
rake works
rake works
rake works
rake works
rake works
rake works
rake works
rake works
rake works
rake works
rake works
rake works
rake works
rake works
rake works
rake works
rake works
rake works
rake works
rake works
rake works
rake works
rake works
rake works
rake works
rake works
rake works
rake works
rake works
rake works
rake works
rake works
rake works
rake works
rake works
rake works
rake works
rake works
rake works
rake works
rake works
rake works
rake works
rake works
rake works
rake works
rake works
rake works
rake works
rake works
rake works
rake works
rake works
rake works
rake works
rake works
rake works
rake works
rake works
rake works
rake works
rake works
rake works
rake works
rake works
rake works
rake works
rake works
rake works
rake works
rake works
rake works
rake works
rake works
rake works
rake works
rake works
rake works
rake works
rake works
rake works
rake works
rake works
rake works
rake works
rake works
rake works
rake works
rake works 2014-11-26T09:41:09-08:00
rake works 2014-11-26T09:42:06-08:00
rake works 2014-11-26T09:43:07-08:00
rake works 2014-11-26T09:44:06-08:00
rake works 2014-11-26T09:45:06-08:00
rake works 2014-11-26T09:46:07-08:00
rake works 2014-11-26T09:47:06-08:00
rake works 2014-11-26T09:48:06-08:00
rake works 2014-11-26T09:49:06-08:00
rake works 2014-11-26T09:50:05-08:00
rake works 2014-11-26T09:51:06-08:00
rake works 2014-11-26T09:52:06-08:00
rake works 2014-11-26T09:53:12-08:00
rake works 2014-11-26T09:54:06-08:00
rake works 2014-11-26T09:55:06-08:00
rake works 2014-11-26T09:56:05-08:00
rake works 2014-11-26T09:57:05-08:00
rake works 2014-11-26T09:58:06-08:00
rake works 2014-11-26T09:59:10-08:00
rake works 2014-11-26T10:00:06-08:00
rake works 2014-11-26T10:01:07-08:00
rake works 2014-11-26T10:02:05-08:00
rake works 2014-11-26T10:03:06-08:00
rake works 2014-11-26T10:04:06-08:00
rake works 2014-11-26T10:05:05-08:00
rake works 2014-11-26T10:06:07-08:00
rake works 2014-11-26T10:07:06-08:00
rake works 2014-11-26T10:08:07-08:00
rake works 2014-11-26T10:09:16-08:00
rake works 2014-11-26T10:10:06-08:00
rake works 2014-11-26T10:11:06-08:00
rake works 2014-11-26T10:12:05-08:00
rake works 2014-11-26T10:13:08-08:00
rake works 2014-11-26T10:14:09-08:00
rake works 2014-11-26T10:15:06-08:00
rake works 2014-11-26T10:16:07-08:00
rake works 2014-11-26T10:17:09-08:00
rake works 2014-11-26T10:18:07-08:00
rake works 2014-11-26T10:19:05-08:00
rake works 2014-11-26T10:20:11-08:00
rake works 2014-11-26T10:21:06-08:00
rake works 2014-11-26T10:22:05-08:00
rake works 2014-11-26T10:23:05-08:00
rake works 2014-11-26T10:24:06-08:00
rake works 2014-11-26T10:25:06-08:00
rake works 2014-11-26T10:26:06-08:00
rake works 2014-11-26T10:27:07-08:00
rake works 2014-11-26T10:28:20-08:00
rake works 2014-11-26T10:29:07-08:00
rake works 2014-11-26T10:30:06-08:00
rake works 2014-11-26T10:31:05-08:00
rake works 2014-11-26T10:32:05-08:00
rake works 2014-11-26T10:33:06-08:00
rake works 2014-11-26T10:34:05-08:00
rake works 2014-11-26T10:35:06-08:00
rake works 2014-11-26T10:36:06-08:00
rake works 2014-11-26T10:37:06-08:00
rake works 2014-11-26T10:38:05-08:00
rake works 2014-11-26T10:39:06-08:00
rake works 2014-11-26T10:40:06-08:00
rake works 2014-11-26T10:41:06-08:00
rake works 2014-11-26T10:42:05-08:00
rake works 2014-11-26T10:43:06-08:00
rake works 2014-11-26T10:44:06-08:00
rake works 2014-11-26T10:45:06-08:00
rake works 2014-11-26T10:46:05-08:00
rake works 2014-11-26T10:47:05-08:00
rake works 2014-11-26T10:48:06-08:00
rake works 2014-11-26T10:49:05-08:00
rake works 2014-11-26T10:50:05-08:00
rake works 2014-11-26T10:51:06-08:00
rake works 2014-11-26T10:52:06-08:00
rake works 2014-11-26T10:53:06-08:00
rake works 2014-11-26T10:54:06-08:00
rake works 2014-11-26T10:55:05-08:00
rake works 2014-11-26T10:56:07-08:00
rake works 2014-11-26T10:57:08-08:00
rake works 2014-11-26T10:58:06-08:00
rake works 2014-11-26T10:59:06-08:00
rake works 2014-11-26T11:00:06-08:00
rake works 2014-11-26T11:01:06-08:00
rake works 2014-11-26T11:02:07-08:00
rake works 2014-11-26T11:03:05-08:00
rake works 2014-11-26T11:04:06-08:00
rake works 2014-11-26T11:05:05-08:00
rake works 2014-11-26T11:06:05-08:00
rake works 2014-11-26T11:07:06-08:00
rake works 2014-11-26T11:08:05-08:00
rake works 2014-11-26T11:09:05-08:00
rake works 2014-11-26T11:10:06-08:00
rake works 2014-11-26T11:11:07-08:00
rake works 2014-11-26T11:12:05-08:00
rake works 2014-11-26T11:13:05-08:00
rake works 2014-11-26T11:14:07-08:00
rake works 2014-11-26T11:15:06-08:00
rake works 2014-11-26T11:16:06-08:00
rake works 2014-11-26T11:17:06-08:00
rake works 2014-11-26T11:18:10-08:00
rake works 2014-11-26T11:19:06-08:00
rake works 2014-11-26T11:20:06-08:00
rake works 2014-11-26T11:21:05-08:00
rake works 2014-11-26T11:22:08-08:00
rake works 2014-11-26T11:23:06-08:00
rake works 2014-11-26T11:24:05-08:00
rake works 2014-11-26T11:25:06-08:00
rake works 2014-11-26T11:26:04-08:00
rake works 2014-11-26T11:27:06-08:00
rake works 2014-11-26T11:28:06-08:00
rake works 2014-11-26T11:29:06-08:00
rake works 2014-11-26T11:30:09-08:00
rake works 2014-11-26T11:31:06-08:00
rake works 2014-11-26T11:32:06-08:00
rake works 2014-11-26T11:33:09-08:00
rake works 2014-11-26T11:34:09-08:00
rake works 2014-11-26T11:35:06-08:00
rake works 2014-11-26T11:36:06-08:00
rake works 2014-11-26T11:37:07-08:00
rake works 2014-11-26T11:38:06-08:00
rake works 2014-11-26T11:39:09-08:00
rake works 2014-11-26T11:40:10-08:00
rake works 2014-11-26T11:41:08-08:00
rake works 2014-11-26T11:42:10-08:00
rake works 2014-11-26T11:43:06-08:00
rake works 2014-11-26T11:44:07-08:00
rake works 2014-11-26T11:45:06-08:00
rake works 2014-11-26T11:46:07-08:00
rake works 2014-11-26T11:47:08-08:00
rake works 2014-11-26T11:48:06-08:00
rake works 2014-11-26T11:49:08-08:00
rake works 2014-11-26T11:50:05-08:00
rake works 2014-11-26T11:51:07-08:00
rake works 2014-11-26T11:52:07-08:00
rake works 2014-11-26T11:53:06-08:00
rake works 2014-11-26T11:54:07-08:00
rake works 2014-11-26T11:55:06-08:00
rake works 2014-11-26T11:56:08-08:00
rake works 2014-11-26T11:57:08-08:00
rake works 2014-11-26T11:58:12-08:00
rake works 2014-11-26T11:59:05-08:00
rake works 2014-11-26T12:00:11-08:00
rake works 2014-11-26T12:01:08-08:00
rake works 2014-11-26T12:02:07-08:00
rake works 2014-11-26T12:03:07-08:00
rake works 2014-11-26T12:04:06-08:00
rake works 2014-11-26T12:05:08-08:00
rake works 2014-11-26T12:06:07-08:00
rake works 2014-11-26T12:07:06-08:00
rake works 2014-11-26T12:08:07-08:00
rake works 2014-11-26T12:09:11-08:00
rake works 2014-11-26T12:10:06-08:00
rake works 2014-11-26T12:11:08-08:00
rake works 2014-11-26T12:12:12-08:00
rake works 2014-11-26T12:13:09-08:00
rake works 2014-11-26T12:14:06-08:00
rake works 2014-11-26T12:15:10-08:00
rake works 2014-11-26T12:16:07-08:00
rake works 2014-11-26T12:17:06-08:00
rake works 2014-11-26T12:18:07-08:00
rake works 2014-11-26T12:19:08-08:00
rake works 2014-11-26T12:20:06-08:00
rake works 2014-11-26T12:21:07-08:00
rake works 2014-11-26T12:22:06-08:00
rake works 2014-11-26T12:23:12-08:00
rake works 2014-11-26T12:24:20-08:00
rake works 2014-11-26T12:25:08-08:00
rake works 2014-11-26T12:26:18-08:00
rake works 2014-11-26T12:27:16-08:00
rake works 2014-11-26T12:28:20-08:00
rake works 2014-11-26T12:29:08-08:00
rake works 2014-11-26T12:30:20-08:00
rake works 2014-11-26T12:31:08-08:00
rake works 2014-11-26T12:32:07-08:00
rake works 2014-11-26T12:33:05-08:00
rake works 2014-11-26T12:34:10-08:00
rake works 2014-11-26T12:35:06-08:00
rake works 2014-11-26T12:36:06-08:00
rake works 2014-11-26T12:37:05-08:00
rake works 2014-11-26T12:38:17-08:00
rake works 2014-11-26T12:39:05-08:00
rake works 2014-11-26T12:40:07-08:00
rake works 2014-11-26T12:41:07-08:00
rake works 2014-11-26T12:42:06-08:00
rake works 2014-11-26T12:43:05-08:00
rake works 2014-11-26T12:44:06-08:00
rake works 2014-11-26T12:45:06-08:00
rake works 2014-11-26T12:46:06-08:00
rake works 2014-11-26T12:47:05-08:00
rake works 2014-11-26T12:48:09-08:00
rake works 2014-11-26T12:49:05-08:00
rake works 2014-11-26T12:50:06-08:00
rake works 2014-11-26T12:51:05-08:00
rake works 2014-11-26T12:52:06-08:00
rake works 2014-11-26T12:53:05-08:00
rake works 2014-11-26T12:54:06-08:00
rake works 2014-11-26T12:55:04-08:00
rake works 2014-11-26T12:56:05-08:00
rake works 2014-11-26T12:57:06-08:00
rake works 2014-11-26T12:58:05-08:00
rake works 2014-11-26T12:59:06-08:00
rake works 2014-11-26T13:00:13-08:00
rake works 2014-11-26T13:01:22-08:00
rake works 2014-11-26T13:02:06-08:00
rake works 2014-11-26T13:03:06-08:00
rake works 2014-11-26T13:04:06-08:00
rake works 2014-11-26T13:05:05-08:00
rake works 2014-11-26T13:06:04-08:00
rake works 2014-11-26T13:07:06-08:00
rake works 2014-11-26T13:08:06-08:00
rake works 2014-11-26T13:09:06-08:00
rake works 2014-11-26T13:10:08-08:00
rake works 2014-11-26T13:11:05-08:00
rake works 2014-11-26T13:12:06-08:00
rake works 2014-11-26T13:13:06-08:00
rake works 2014-11-26T13:14:05-08:00
rake works 2014-11-26T13:15:04-08:00
rake works 2014-11-26T13:16:06-08:00
rake works 2014-11-26T13:17:04-08:00
rake works 2014-11-26T13:18:05-08:00
rake works 2014-11-26T13:19:06-08:00
rake works 2014-11-26T13:20:06-08:00
rake works 2014-11-26T13:21:05-08:00
rake works 2014-11-26T13:22:06-08:00
rake works 2014-11-26T13:23:05-08:00
rake works 2014-11-26T13:24:05-08:00
rake works 2014-11-26T13:25:07-08:00
rake works 2014-11-26T13:26:06-08:00
rake works 2014-11-26T13:27:07-08:00
rake works 2014-11-26T13:28:05-08:00
rake works 2014-11-26T13:29:06-08:00
rake works 2014-11-26T13:30:05-08:00
rake works 2014-11-26T13:31:05-08:00
rake works 2014-11-26T13:32:06-08:00
rake works 2014-11-26T13:33:05-08:00
rake works 2014-11-26T13:34:06-08:00
rake works 2014-11-26T13:35:05-08:00
rake works 2014-11-26T13:36:07-08:00
rake works 2014-11-26T13:37:10-08:00
rake works 2014-11-26T13:38:06-08:00
rake works 2014-11-26T13:39:05-08:00
rake works 2014-11-26T13:40:05-08:00
rake works 2014-11-26T13:41:05-08:00
rake works 2014-11-26T13:42:05-08:00
rake works 2014-11-26T13:43:06-08:00
/Users/davidwilbanks/.rvm/gems/ruby-2.0.0-p451@global/gems/bundler-1.5.3/lib/bundler/resolver.rb:302:in `resolve': Could not find gem 'unicorn-rails (>= 0) ruby' in the gems available on this machine. (Bundler::GemNotFound)
	from /Users/davidwilbanks/.rvm/gems/ruby-2.0.0-p451@global/gems/bundler-1.5.3/lib/bundler/resolver.rb:172:in `start'
	from /Users/davidwilbanks/.rvm/gems/ruby-2.0.0-p451@global/gems/bundler-1.5.3/lib/bundler/resolver.rb:133:in `block in resolve'
	from /Users/davidwilbanks/.rvm/gems/ruby-2.0.0-p451@global/gems/bundler-1.5.3/lib/bundler/safe_catch.rb:32:in `catch'
	from /Users/davidwilbanks/.rvm/gems/ruby-2.0.0-p451@global/gems/bundler-1.5.3/lib/bundler/safe_catch.rb:32:in `safe_catch'
	from /Users/davidwilbanks/.rvm/gems/ruby-2.0.0-p451@global/gems/bundler-1.5.3/lib/bundler/resolver.rb:132:in `resolve'
	from /Users/davidwilbanks/.rvm/gems/ruby-2.0.0-p451@global/gems/bundler-1.5.3/lib/bundler/definition.rb:203:in `resolve'
	from /Users/davidwilbanks/.rvm/gems/ruby-2.0.0-p451@global/gems/bundler-1.5.3/lib/bundler/definition.rb:133:in `specs'
	from /Users/davidwilbanks/.rvm/gems/ruby-2.0.0-p451@global/gems/bundler-1.5.3/lib/bundler/definition.rb:178:in `specs_for'
	from /Users/davidwilbanks/.rvm/gems/ruby-2.0.0-p451@global/gems/bundler-1.5.3/lib/bundler/definition.rb:167:in `requested_specs'
	from /Users/davidwilbanks/.rvm/gems/ruby-2.0.0-p451@global/gems/bundler-1.5.3/lib/bundler/environment.rb:18:in `requested_specs'
	from /Users/davidwilbanks/.rvm/gems/ruby-2.0.0-p451@global/gems/bundler-1.5.3/lib/bundler/runtime.rb:13:in `setup'
	from /Users/davidwilbanks/.rvm/gems/ruby-2.0.0-p451@global/gems/bundler-1.5.3/lib/bundler.rb:119:in `setup'
	from /Users/davidwilbanks/.rvm/gems/ruby-2.0.0-p451@global/gems/bundler-1.5.3/lib/bundler/setup.rb:17:in `<top (required)>'
	from /Users/davidwilbanks/.rvm/rubies/ruby-2.0.0-p451/lib/ruby/site_ruby/2.0.0/rubygems/core_ext/kernel_require.rb:55:in `require'
	from /Users/davidwilbanks/.rvm/rubies/ruby-2.0.0-p451/lib/ruby/site_ruby/2.0.0/rubygems/core_ext/kernel_require.rb:55:in `require'
rake works 2014-11-26T13:45:05-08:00
rake works 2014-11-26T13:46:05-08:00
rake works 2014-11-26T13:47:06-08:00
rake works 2014-11-26T13:48:06-08:00
rake works 2014-11-26T13:49:10-08:00
rake works 2014-11-26T13:50:06-08:00
rake works 2014-11-26T13:51:06-08:00
rake works 2014-11-26T13:52:06-08:00
rake works 2014-11-26T13:53:06-08:00
rake works 2014-11-26T13:54:06-08:00
rake works 2014-11-26T13:55:06-08:00
rake works 2014-11-26T13:56:06-08:00
rake works 2014-11-26T13:57:07-08:00
rake works 2014-11-26T13:58:07-08:00
rake works 2014-11-26T13:59:05-08:00
rake works 2014-11-26T14:00:05-08:00
rake works 2014-11-26T14:01:06-08:00
rake works 2014-11-26T14:02:12-08:00
rake works 2014-11-26T14:03:05-08:00
rake works 2014-11-26T14:04:06-08:00
rake works 2014-11-26T14:05:08-08:00
rake works 2014-11-26T14:06:05-08:00
rake works 2014-11-26T14:07:07-08:00
rake works 2014-11-26T14:08:06-08:00
rake works 2014-11-26T14:09:05-08:00
rake works 2014-11-26T14:10:08-08:00
rake works 2014-11-26T14:11:06-08:00
rake works 2014-11-26T14:12:08-08:00
rake works 2014-11-26T14:13:08-08:00
rake works 2014-11-26T14:14:07-08:00
rake works 2014-11-26T14:15:07-08:00
rake works 2014-11-26T14:16:06-08:00
rake works 2014-11-26T14:17:05-08:00
rake works 2014-11-26T14:18:06-08:00
rake works 2014-11-26T14:19:07-08:00
rake works 2014-11-26T14:20:08-08:00
rake works 2014-11-26T14:21:06-08:00
rake works 2014-11-26T14:22:07-08:00
rake works 2014-11-26T14:23:06-08:00
rake works 2014-11-26T14:24:06-08:00
rake works 2014-11-26T14:25:07-08:00
rake works 2014-11-26T14:26:06-08:00
rake works 2014-11-26T14:27:05-08:00
rake works 2014-11-26T14:28:06-08:00
rake works 2014-11-26T14:29:08-08:00
rake works 2014-11-26T14:30:06-08:00
rake works 2014-11-26T14:31:05-08:00
rake works 2014-11-26T14:32:06-08:00
rake works 2014-11-26T14:33:08-08:00
rake works 2014-11-26T14:34:07-08:00
rake works 2014-11-26T14:35:07-08:00
rake works 2014-11-26T14:36:06-08:00
rake works 2014-11-26T14:37:06-08:00
rake works 2014-11-26T14:38:06-08:00
rake works 2014-11-26T14:39:07-08:00
rake works 2014-11-26T14:40:05-08:00
rake works 2014-11-26T14:41:06-08:00
rake works 2014-11-26T14:42:06-08:00
rake works 2014-11-26T14:43:05-08:00
rake works 2014-11-26T14:44:07-08:00
rake works 2014-11-26T14:45:05-08:00
rake works 2014-11-26T14:46:06-08:00
rake works 2014-11-26T14:47:05-08:00
rake works 2014-11-26T14:48:07-08:00
rake works 2014-11-26T14:49:07-08:00
rake works 2014-11-26T14:50:07-08:00
rake works 2014-11-26T14:51:06-08:00
rake works 2014-11-26T14:52:06-08:00
rake works 2014-11-26T14:53:06-08:00
rake works 2014-11-26T14:54:06-08:00
rake works 2014-11-26T14:55:06-08:00
rake works 2014-11-26T14:56:06-08:00
rake works 2014-11-26T14:57:06-08:00
rake works 2014-11-26T14:58:11-08:00
rake works 2014-11-26T14:59:06-08:00
rake works 2014-11-26T15:00:07-08:00
rake works 2014-11-26T15:01:06-08:00
rake works 2014-11-26T15:02:08-08:00
rake works 2014-11-26T15:03:08-08:00
rake works 2014-11-26T15:04:07-08:00
rake works 2014-11-26T15:05:06-08:00
rake works 2014-11-26T15:06:06-08:00
rake works 2014-11-26T15:07:06-08:00
rake works 2014-11-26T15:08:06-08:00
rake works 2014-11-26T15:09:05-08:00
rake works 2014-11-26T15:10:05-08:00
rake works 2014-11-26T15:11:06-08:00
rake works 2014-11-26T15:12:05-08:00
rake works 2014-11-26T15:13:06-08:00
rake works 2014-11-26T15:14:09-08:00
rake works 2014-11-26T15:15:05-08:00
rake works 2014-11-26T15:16:06-08:00
rake works 2014-11-26T15:17:06-08:00
rake works 2014-11-26T15:18:05-08:00
SQLite3::SQLException: no such table: users: SELECT "users".* FROM "users"  WHERE (account_expiration < '2014-11-26 23:18:06.856452')
rake aborted!
ActiveRecord::StatementInvalid: SQLite3::SQLException: no such table: users: SELECT "users".* FROM "users"  WHERE (account_expiration < '2014-11-26 23:18:06.856452')
/Users/davidwilbanks/.rvm/gems/ruby-2.0.0-p451@railstutorial_rails_4_0/gems/sqlite3-1.3.9/lib/sqlite3/database.rb:91:in `initialize'
/Users/davidwilbanks/.rvm/gems/ruby-2.0.0-p451@railstutorial_rails_4_0/gems/sqlite3-1.3.9/lib/sqlite3/database.rb:91:in `new'
/Users/davidwilbanks/.rvm/gems/ruby-2.0.0-p451@railstutorial_rails_4_0/gems/sqlite3-1.3.9/lib/sqlite3/database.rb:91:in `prepare'
/Users/davidwilbanks/.rvm/gems/ruby-2.0.0-p451@railstutorial_rails_4_0/gems/activerecord-4.1.0/lib/active_record/connection_adapters/sqlite3_adapter.rb:301:in `block in exec_query'
/Users/davidwilbanks/.rvm/gems/ruby-2.0.0-p451@railstutorial_rails_4_0/gems/activerecord-4.1.0/lib/active_record/connection_adapters/abstract_adapter.rb:373:in `block in log'
/Users/davidwilbanks/.rvm/gems/ruby-2.0.0-p451@railstutorial_rails_4_0/gems/activesupport-4.1.0/lib/active_support/notifications/instrumenter.rb:20:in `instrument'
/Users/davidwilbanks/.rvm/gems/ruby-2.0.0-p451@railstutorial_rails_4_0/gems/activerecord-4.1.0/lib/active_record/connection_adapters/abstract_adapter.rb:367:in `log'
/Users/davidwilbanks/.rvm/gems/ruby-2.0.0-p451@railstutorial_rails_4_0/gems/activerecord-4.1.0/lib/active_record/connection_adapters/sqlite3_adapter.rb:298:in `exec_query'
/Users/davidwilbanks/.rvm/gems/ruby-2.0.0-p451@railstutorial_rails_4_0/gems/activerecord-4.1.0/lib/active_record/connection_adapters/sqlite3_adapter.rb:507:in `select'
/Users/davidwilbanks/.rvm/gems/ruby-2.0.0-p451@railstutorial_rails_4_0/gems/activerecord-4.1.0/lib/active_record/connection_adapters/abstract/database_statements.rb:31:in `select_all'
/Users/davidwilbanks/.rvm/gems/ruby-2.0.0-p451@railstutorial_rails_4_0/gems/activerecord-4.1.0/lib/active_record/connection_adapters/abstract/query_cache.rb:69:in `select_all'
/Users/davidwilbanks/.rvm/gems/ruby-2.0.0-p451@railstutorial_rails_4_0/gems/activerecord-4.1.0/lib/active_record/querying.rb:39:in `find_by_sql'
/Users/davidwilbanks/.rvm/gems/ruby-2.0.0-p451@railstutorial_rails_4_0/gems/activerecord-4.1.0/lib/active_record/relation.rb:603:in `exec_queries'
/Users/davidwilbanks/.rvm/gems/ruby-2.0.0-p451@railstutorial_rails_4_0/gems/activerecord-4.1.0/lib/active_record/relation.rb:487:in `load'
/Users/davidwilbanks/.rvm/gems/ruby-2.0.0-p451@railstutorial_rails_4_0/gems/activerecord-4.1.0/lib/active_record/relation.rb:231:in `to_a'
/Users/davidwilbanks/.rvm/gems/ruby-2.0.0-p451@railstutorial_rails_4_0/gems/activerecord-4.1.0/lib/active_record/relation/delegation.rb:46:in `map'
/Users/davidwilbanks/Nitrous/p2-wiki/p2-wiki/lib/tasks/check_expired_accounts.rake:4:in `block in <top (required)>'
/Users/davidwilbanks/.rvm/gems/ruby-2.0.0-p451@railstutorial_rails_4_0/bin/ruby_executable_hooks:15:in `eval'
/Users/davidwilbanks/.rvm/gems/ruby-2.0.0-p451@railstutorial_rails_4_0/bin/ruby_executable_hooks:15:in `<main>'
Tasks: TOP => clean_expired_accounts
(See full trace by running task with --trace)
rake works 2014-11-26T15:19:06-08:00
rake works 2014-11-26T15:20:06-08:00
rake works 2014-11-26T15:21:05-08:00
rake works 2014-11-26T15:22:06-08:00
rake works 2014-11-26T15:23:06-08:00
rake works 2014-11-26T15:24:05-08:00
rake works 2014-11-26T15:25:06-08:00
rake works 2014-11-26T15:26:07-08:00
rake works 2014-11-26T15:27:04-08:00
rake works 2014-11-26T15:28:04-08:00
rake works 2014-11-26T15:29:06-08:00
rake works 2014-11-26T15:30:06-08:00
rake works 2014-11-26T15:31:04-08:00
rake works 2014-11-26T15:32:09-08:00
rake works 2014-11-26T15:33:08-08:00
rake works 2014-11-26T15:34:06-08:00
rake works 2014-11-26T15:35:07-08:00
rake works 2014-11-26T15:36:07-08:00
rake works 2014-11-26T15:37:08-08:00
rake works 2014-11-26T15:38:08-08:00
rake works 2014-11-26T15:39:06-08:00
rake works 2014-11-26T15:40:08-08:00
rake works 2014-11-26T15:41:08-08:00
rake works 2014-11-26T15:42:09-08:00
rake works 2014-11-26T15:43:08-08:00
rake works 2014-11-26T15:44:05-08:00
rake works 2014-11-26T15:45:08-08:00
rake works 2014-11-26T15:46:06-08:00
rake works 2014-11-26T15:47:05-08:00
rake works 2014-11-26T15:48:05-08:00
rake works 2014-11-26T15:49:06-08:00
rake works 2014-11-26T15:50:05-08:00
rake works 2014-11-26T15:51:05-08:00
rake works 2014-11-26T15:52:06-08:00
rake works 2014-11-26T15:53:07-08:00
rake works 2014-11-26T15:54:07-08:00
rake works 2014-11-26T15:55:05-08:00
rake works 2014-11-26T15:56:06-08:00
rake works 2014-11-26T15:57:06-08:00
rake works 2014-11-26T15:58:06-08:00
rake works 2014-11-26T15:59:08-08:00
rake works 2014-11-26T16:00:09-08:00
rake works 2014-11-26T16:01:06-08:00
rake works 2014-11-26T16:02:06-08:00
rake works 2014-11-26T16:03:07-08:00
rake works 2014-11-26T16:04:05-08:00
rake works 2014-11-26T16:05:05-08:00
rake works 2014-11-26T16:06:05-08:00
rake works 2014-11-26T16:07:06-08:00
rake works 2014-11-26T16:08:08-08:00
rake works 2014-11-26T16:09:06-08:00
rake works 2014-11-26T16:10:07-08:00
rake works 2014-11-26T16:11:05-08:00
rake works 2014-11-26T16:12:06-08:00
rake works 2014-11-26T16:13:06-08:00
rake works 2014-11-26T16:14:07-08:00
rake works 2014-11-26T16:15:06-08:00
rake works 2014-11-26T16:16:06-08:00
rake works 2014-11-26T16:17:06-08:00
rake works 2014-11-26T16:18:05-08:00
rake works 2014-11-26T16:19:06-08:00
rake works 2014-11-26T16:20:06-08:00
rake works 2014-11-26T16:21:06-08:00
rake works 2014-11-26T16:22:05-08:00
rake works 2014-11-26T16:23:06-08:00
rake works 2014-11-26T16:24:06-08:00
rake works 2014-11-26T16:25:05-08:00
rake works 2014-11-26T16:26:08-08:00
rake works 2014-11-26T16:27:07-08:00
rake works 2014-11-26T16:28:06-08:00
rake works 2014-11-26T16:29:07-08:00
rake works 2014-11-26T16:30:08-08:00
rake works 2014-11-26T16:31:06-08:00
rake works 2014-11-26T16:32:09-08:00
rake works 2014-11-26T16:33:06-08:00
rake works 2014-11-26T16:34:06-08:00
rake works 2014-11-26T16:35:07-08:00
rake works 2014-11-26T16:36:07-08:00
rake works 2014-11-26T16:37:06-08:00
rake works 2014-11-26T16:38:06-08:00
rake works 2014-11-26T16:39:06-08:00
rake works 2014-11-26T16:40:07-08:00
rake works 2014-11-26T16:41:05-08:00
rake works 2014-11-26T16:42:05-08:00
rake works 2014-11-26T16:43:12-08:00
rake works 2014-11-26T16:44:07-08:00
rake works 2014-11-26T16:45:06-08:00
rake works 2014-11-26T16:46:07-08:00
rake works 2014-11-26T16:47:05-08:00
rake works 2014-11-26T16:48:05-08:00
rake works 2014-11-26T16:49:07-08:00
rake works 2014-11-26T16:50:11-08:00
rake works 2014-11-26T16:51:07-08:00
rake works 2014-11-26T16:52:05-08:00
rake works 2014-11-26T16:53:09-08:00
rake works 2014-11-26T16:54:06-08:00
rake works 2014-11-26T16:55:06-08:00
rake works 2014-11-26T16:56:05-08:00
rake works 2014-11-26T16:57:05-08:00
rake works 2014-11-26T16:58:05-08:00
rake works 2014-11-26T16:59:06-08:00
rake works 2014-11-26T17:00:05-08:00
rake works 2014-11-26T17:01:05-08:00
rake works 2014-11-26T17:02:07-08:00
rake works 2014-11-26T17:03:07-08:00
rake works 2014-11-26T17:04:14-08:00
rake works 2014-11-26T17:05:10-08:00
rake works 2014-11-26T17:06:05-08:00
rake works 2014-11-26T17:07:06-08:00
rake works 2014-11-26T17:08:05-08:00
rake works 2014-11-26T17:09:05-08:00
rake works 2014-11-26T17:10:05-08:00
rake works 2014-11-26T17:11:05-08:00
rake works 2014-11-26T17:12:06-08:00
rake works 2014-11-26T17:13:30-08:00
rake works 2014-11-26T17:14:05-08:00
rake works 2014-11-26T17:15:06-08:00
rake works 2014-11-26T17:16:05-08:00
rake works 2014-11-26T17:17:05-08:00
rake works 2014-11-26T17:18:03-08:00
rake works 2014-11-26T17:19:05-08:00
rake works 2014-11-26T17:20:05-08:00
rake works 2014-11-26T17:21:06-08:00
rake works 2014-11-26T17:22:05-08:00
rake works 2014-11-26T17:23:05-08:00
rake works 2014-11-26T17:24:05-08:00
rake works 2014-11-26T17:25:05-08:00
rake works 2014-11-26T17:26:05-08:00
rake works 2014-11-26T17:27:05-08:00
rake works 2014-11-26T17:28:05-08:00
rake works 2014-11-26T17:29:10-08:00
rake works 2014-11-26T17:30:05-08:00
rake works 2014-11-26T17:31:06-08:00
rake works 2014-11-26T17:32:08-08:00
rake works 2014-11-26T17:33:05-08:00
rake works 2014-11-26T17:34:06-08:00
rake works 2014-11-26T17:35:05-08:00
rake works 2014-11-26T17:36:05-08:00
rake works 2014-11-26T17:37:06-08:00
rake works 2014-11-26T17:38:05-08:00
rake works 2014-11-26T17:39:06-08:00
rake works 2014-11-26T17:40:06-08:00
rake works 2014-11-26T17:41:05-08:00
rake works 2014-11-26T17:42:06-08:00
rake works 2014-11-26T17:43:05-08:00
rake works 2014-11-26T17:44:08-08:00
rake works 2014-11-26T17:45:05-08:00
rake works 2014-11-26T17:46:05-08:00
rake works 2014-11-26T17:47:05-08:00
rake works 2014-11-26T17:48:06-08:00
rake works 2014-11-26T17:49:05-08:00
rake works 2014-11-26T17:50:06-08:00
rake works 2014-11-26T17:51:05-08:00
rake works 2014-11-26T17:52:05-08:00
rake works 2014-11-26T17:53:05-08:00
rake works 2014-11-26T17:54:06-08:00
rake works 2014-11-26T17:55:06-08:00
rake works 2014-11-26T17:56:06-08:00
rake works 2014-11-26T17:57:06-08:00
rake works 2014-11-26T17:58:05-08:00
rake works 2014-11-26T17:59:05-08:00
rake works 2014-11-26T18:00:05-08:00
rake works 2014-11-26T18:01:06-08:00
rake works 2014-11-26T18:02:06-08:00
rake works 2014-11-26T18:03:05-08:00
rake works 2014-11-26T18:04:06-08:00
rake works 2014-11-26T18:05:05-08:00
rake works 2014-11-26T18:06:06-08:00
rake works 2014-11-26T18:07:05-08:00
rake works 2014-11-26T18:08:05-08:00
rake works 2014-11-26T18:09:05-08:00
rake works 2014-11-26T18:10:06-08:00
rake works 2014-11-26T18:11:05-08:00
rake works 2014-11-26T18:12:06-08:00
rake works 2014-11-26T18:13:04-08:00
rake works 2014-11-26T18:14:05-08:00
rake works 2014-11-26T18:15:05-08:00
rake works 2014-11-26T18:16:04-08:00
rake works 2014-11-26T18:17:04-08:00
rake works 2014-11-26T18:18:06-08:00
rake works 2014-11-26T18:19:06-08:00
rake works 2014-11-26T18:20:05-08:00
rake works 2014-11-26T18:21:06-08:00
rake works 2014-11-26T18:22:04-08:00
rake works 2014-11-26T18:23:05-08:00
rake works 2014-11-26T18:24:05-08:00
rake works 2014-11-26T18:25:05-08:00
rake works 2014-11-26T18:26:06-08:00
rake works 2014-11-26T18:27:06-08:00
rake works 2014-11-26T18:28:05-08:00
rake works 2014-11-26T18:29:06-08:00
rake works 2014-11-26T18:30:05-08:00
rake works 2014-11-26T18:31:05-08:00
rake works 2014-11-26T18:32:06-08:00
rake works 2014-11-26T18:33:05-08:00
rake works 2014-11-26T18:34:05-08:00
rake works 2014-11-26T18:35:06-08:00
rake works 2014-11-26T18:36:06-08:00
rake works 2014-11-26T18:37:05-08:00
rake works 2014-11-26T18:38:05-08:00
rake works 2014-11-26T18:39:06-08:00
rake works 2014-11-26T18:40:05-08:00
rake works 2014-11-26T18:41:05-08:00
rake works 2014-11-26T18:42:06-08:00
rake works 2014-11-26T18:43:05-08:00
rake works 2014-11-26T18:44:06-08:00
rake works 2014-11-26T18:45:05-08:00
rake works 2014-11-26T18:46:04-08:00
rake works 2014-11-26T18:47:05-08:00
rake works 2014-11-26T18:48:06-08:00
rake works 2014-11-26T18:49:05-08:00
rake works 2014-11-26T18:50:12-08:00
rake works 2014-11-26T18:51:07-08:00
rake works 2014-11-26T18:52:09-08:00
rake works 2014-11-26T18:53:06-08:00
rake works 2014-11-26T18:54:05-08:00
rake works 2014-11-26T18:55:06-08:00
rake works 2014-11-26T18:56:05-08:00
rake works 2014-11-26T18:57:05-08:00
rake works 2014-11-26T18:58:06-08:00
rake works 2014-11-26T18:59:06-08:00
rake works 2014-11-26T19:00:06-08:00
rake works 2014-11-26T19:01:05-08:00
rake works 2014-11-26T19:02:06-08:00
rake works 2014-11-26T19:03:06-08:00
rake works 2014-11-26T19:04:04-08:00
rake works 2014-11-26T19:05:06-08:00
rake works 2014-11-26T19:06:06-08:00
rake works 2014-11-26T19:07:05-08:00
rake works 2014-11-26T19:08:04-08:00
rake works 2014-11-26T19:09:06-08:00
rake works 2014-11-26T19:10:06-08:00
rake works 2014-11-26T19:11:05-08:00
rake works 2014-11-26T19:12:05-08:00
rake works 2014-11-26T19:13:05-08:00
rake works 2014-11-26T19:14:05-08:00
rake works 2014-11-26T19:15:05-08:00
rake works 2014-11-26T19:16:06-08:00
rake works 2014-11-26T19:17:06-08:00
rake works 2014-11-26T19:18:05-08:00
rake works 2014-11-26T19:19:05-08:00
rake works 2014-11-26T19:20:06-08:00
rake works 2014-11-26T19:21:05-08:00
rake works 2014-11-26T19:22:06-08:00
rake works 2014-11-26T19:23:06-08:00
rake works 2014-11-26T19:24:05-08:00
rake works 2014-11-26T19:25:06-08:00
rake works 2014-11-26T19:26:05-08:00
rake works 2014-11-26T19:27:05-08:00
rake works 2014-11-26T19:28:06-08:00
rake works 2014-11-26T19:29:05-08:00
rake works 2014-11-26T19:30:05-08:00
rake works 2014-11-26T19:31:06-08:00
rake works 2014-11-26T19:32:05-08:00
rake works 2014-11-26T19:33:08-08:00
rake works 2014-11-26T19:34:06-08:00
rake works 2014-11-26T19:35:06-08:00
rake works 2014-11-26T19:36:05-08:00
rake works 2014-11-26T19:37:05-08:00
rake works 2014-11-26T19:38:06-08:00
rake works 2014-11-26T19:39:06-08:00
rake works 2014-11-26T19:40:06-08:00
rake works 2014-11-26T19:41:05-08:00
rake works 2014-11-26T19:42:05-08:00
rake works 2014-11-26T19:43:04-08:00
rake works 2014-11-26T19:44:06-08:00
rake works 2014-11-26T19:45:05-08:00
rake works 2014-11-26T19:46:06-08:00
rake works 2014-11-26T19:47:05-08:00
rake works 2014-11-26T19:48:06-08:00
rake works 2014-11-26T19:49:05-08:00
rake works 2014-11-26T19:50:06-08:00
rake works 2014-11-26T19:51:06-08:00
rake works 2014-11-26T19:52:06-08:00
rake works 2014-11-26T19:53:06-08:00
rake works 2014-11-26T19:54:05-08:00
rake works 2014-11-26T19:55:05-08:00
rake works 2014-11-26T19:56:06-08:00
rake works 2014-11-26T19:57:05-08:00
rake works 2014-11-26T19:58:05-08:00
rake works 2014-11-26T19:59:06-08:00
rake works 2014-11-26T20:00:09-08:00
rake works 2014-11-26T20:01:05-08:00
rake works 2014-11-26T20:02:06-08:00
rake works 2014-11-26T20:03:05-08:00
rake works 2014-11-26T20:04:05-08:00
rake works 2014-11-26T20:05:06-08:00
rake works 2014-11-26T20:06:05-08:00
rake works 2014-11-26T20:07:06-08:00
rake works 2014-11-26T20:08:05-08:00
rake works 2014-11-26T20:09:06-08:00
rake works 2014-11-26T20:10:06-08:00
rake works 2014-11-26T20:11:05-08:00
rake works 2014-11-26T20:12:05-08:00
rake works 2014-11-26T20:13:05-08:00
rake works 2014-11-26T20:14:06-08:00
rake works 2014-11-26T20:15:06-08:00
rake works 2014-11-26T20:16:06-08:00
rake works 2014-11-26T20:17:05-08:00
rake works 2014-11-26T20:18:06-08:00
rake works 2014-11-26T20:19:06-08:00
rake works 2014-11-26T20:20:05-08:00
rake works 2014-11-26T20:21:06-08:00
rake works 2014-11-26T20:22:05-08:00
rake works 2014-11-26T20:23:05-08:00
rake works 2014-11-26T20:24:07-08:00
rake works 2014-11-26T20:25:04-08:00
rake works 2014-11-26T20:26:05-08:00
rake works 2014-11-26T20:27:05-08:00
rake works 2014-11-26T20:28:06-08:00
rake works 2014-11-26T20:29:05-08:00
rake works 2014-11-26T20:30:06-08:00
rake works 2014-11-26T20:31:06-08:00
rake works 2014-11-26T20:32:06-08:00
rake works 2014-11-26T20:33:06-08:00
rake works 2014-11-26T20:34:06-08:00
rake works 2014-11-26T20:35:05-08:00
rake works 2014-11-26T20:36:05-08:00
rake works 2014-11-26T20:37:06-08:00
rake works 2014-11-26T20:38:05-08:00
rake works 2014-11-26T20:39:06-08:00
rake works 2014-11-26T20:40:05-08:00
rake works 2014-11-26T20:41:06-08:00
rake works 2014-11-26T20:42:06-08:00
rake works 2014-11-26T20:43:06-08:00
rake works 2014-11-26T20:44:05-08:00
rake works 2014-11-26T20:45:06-08:00
rake works 2014-11-26T20:46:04-08:00
rake works 2014-11-26T20:47:05-08:00
rake works 2014-11-26T20:48:06-08:00
rake works 2014-11-26T20:49:05-08:00
rake works 2014-11-26T20:50:05-08:00
rake works 2014-11-26T20:51:06-08:00
rake works 2014-11-26T20:52:06-08:00
rake works 2014-11-26T20:53:06-08:00
rake works 2014-11-26T20:54:05-08:00
rake works 2014-11-26T20:55:06-08:00
rake works 2014-11-26T20:56:05-08:00
rake works 2014-11-26T20:57:05-08:00
rake works 2014-11-26T20:58:06-08:00
rake works 2014-11-26T20:59:05-08:00
rake works 2014-11-26T21:00:07-08:00
rake works 2014-11-26T21:01:06-08:00
rake works 2014-11-26T21:02:05-08:00
rake works 2014-11-26T21:03:06-08:00
rake works 2014-11-26T21:04:05-08:00
rake works 2014-11-26T21:05:05-08:00
rake works 2014-11-26T21:06:06-08:00
rake works 2014-11-26T21:07:04-08:00
rake works 2014-11-26T21:08:04-08:00
rake works 2014-11-26T21:09:06-08:00
rake works 2014-11-26T21:10:06-08:00
rake works 2014-11-26T21:11:06-08:00
rake works 2014-11-26T21:12:05-08:00
rake works 2014-11-26T21:13:05-08:00
rake works 2014-11-26T21:14:05-08:00
rake works 2014-11-26T21:15:07-08:00
rake works 2014-11-26T21:16:06-08:00
rake works 2014-11-26T21:17:04-08:00
rake works 2014-11-26T21:18:06-08:00
rake works 2014-11-26T21:19:05-08:00
rake works 2014-11-26T21:20:06-08:00
rake works 2014-11-26T21:21:06-08:00
rake works 2014-11-26T21:22:07-08:00
rake works 2014-11-26T21:23:06-08:00
rake works 2014-11-26T21:24:05-08:00
rake works 2014-11-26T21:25:05-08:00
rake works 2014-11-26T21:26:06-08:00
rake works 2014-11-26T21:27:06-08:00
rake works 2014-11-26T21:28:06-08:00
rake works 2014-11-26T21:29:06-08:00
rake works 2014-11-26T21:30:09-08:00
rake works 2014-11-26T21:31:05-08:00
rake works 2014-11-26T21:32:05-08:00
rake works 2014-11-26T21:33:06-08:00
rake works 2014-11-26T21:34:06-08:00
rake works 2014-11-26T21:35:04-08:00
rake works 2014-11-26T21:36:05-08:00
rake works 2014-11-26T21:37:05-08:00
rake works 2014-11-26T21:38:05-08:00
rake works 2014-11-26T21:39:05-08:00
rake works 2014-11-26T21:40:06-08:00
rake works 2014-11-26T21:41:06-08:00
rake works 2014-11-26T21:42:05-08:00
rake works 2014-11-26T21:43:06-08:00
rake works 2014-11-26T21:44:06-08:00
rake works 2014-11-26T21:45:08-08:00
rake works 2014-11-26T21:46:06-08:00
rake works 2014-11-26T21:47:05-08:00
rake works 2014-11-26T21:48:06-08:00
rake works 2014-11-26T21:49:05-08:00
rake works 2014-11-26T21:50:05-08:00
rake works 2014-11-26T21:51:06-08:00
rake works 2014-11-26T21:52:06-08:00
rake works 2014-11-26T21:53:05-08:00
rake works 2014-11-26T21:54:06-08:00
rake works 2014-11-26T21:55:06-08:00
rake works 2014-11-26T21:56:05-08:00
rake works 2014-11-26T21:57:05-08:00
rake works 2014-11-26T21:58:05-08:00
rake works 2014-11-26T21:59:06-08:00
rake works 2014-11-26T22:00:05-08:00
rake works 2014-11-26T22:01:05-08:00
rake works 2014-11-26T22:02:08-08:00
rake works 2014-11-26T22:03:05-08:00
rake works 2014-11-26T22:04:06-08:00
rake works 2014-11-26T22:05:05-08:00
rake works 2014-11-26T22:06:06-08:00
rake works 2014-11-26T22:07:05-08:00
rake works 2014-11-26T22:08:05-08:00
rake works 2014-11-26T22:09:06-08:00
rake works 2014-11-26T22:10:06-08:00
rake works 2014-11-26T22:11:06-08:00
rake works 2014-11-26T22:12:06-08:00
rake works 2014-11-26T22:13:05-08:00
rake works 2014-11-26T22:14:06-08:00
rake works 2014-11-26T22:15:06-08:00
rake works 2014-11-26T22:16:05-08:00
rake works 2014-11-26T22:17:04-08:00
rake works 2014-11-26T22:18:05-08:00
rake works 2014-11-26T22:19:06-08:00
rake works 2014-11-26T22:20:06-08:00
rake works 2014-11-26T22:21:07-08:00
rake works 2014-11-26T22:22:05-08:00
rake works 2014-11-26T22:23:04-08:00
rake works 2014-11-26T22:24:06-08:00
rake works 2014-11-26T22:25:05-08:00
rake works 2014-11-26T22:26:05-08:00
rake works 2014-11-26T22:27:06-08:00
rake works 2014-11-26T22:28:05-08:00
rake works 2014-11-26T22:29:05-08:00
rake works 2014-11-26T22:30:06-08:00
rake works 2014-11-26T22:31:05-08:00
rake works 2014-11-26T22:32:05-08:00
rake works 2014-11-26T22:33:06-08:00
rake works 2014-11-26T22:34:06-08:00
rake works 2014-11-26T22:35:05-08:00
rake works 2014-11-26T22:36:06-08:00
rake works 2014-11-26T22:37:05-08:00
rake works 2014-11-26T22:38:06-08:00
rake works 2014-11-26T22:39:06-08:00
rake works 2014-11-26T22:40:04-08:00
rake works 2014-11-26T22:41:06-08:00
rake works 2014-11-26T22:42:05-08:00
rake works 2014-11-26T22:43:05-08:00
rake works 2014-11-26T22:44:05-08:00
rake works 2014-11-26T22:45:06-08:00
rake works 2014-11-26T22:46:05-08:00
rake works 2014-11-26T22:47:06-08:00
rake works 2014-11-26T22:48:05-08:00
rake works 2014-11-26T22:49:04-08:00
rake works 2014-11-26T22:50:06-08:00
rake works 2014-11-26T22:51:05-08:00
rake works 2014-11-26T22:52:05-08:00
rake works 2014-11-26T22:53:05-08:00
rake works 2014-11-26T22:54:06-08:00
rake works 2014-11-26T22:55:05-08:00
rake works 2014-11-26T22:56:05-08:00
rake works 2014-11-26T22:57:06-08:00
rake works 2014-11-26T22:58:04-08:00
rake works 2014-11-26T22:59:05-08:00
rake works 2014-11-26T23:00:06-08:00
rake works 2014-11-26T23:01:08-08:00
rake works 2014-11-26T23:02:07-08:00
rake works 2014-11-26T23:03:11-08:00
rake works 2014-11-26T23:04:05-08:00
rake works 2014-11-26T23:05:06-08:00
rake works 2014-11-26T23:06:06-08:00
rake works 2014-11-26T23:07:20-08:00
rake works 2014-11-26T23:08:09-08:00
rake works 2014-11-26T23:09:10-08:00
rake works 2014-11-26T23:10:09-08:00
rake works 2014-11-26T23:11:10-08:00
rake works 2014-11-26T23:12:10-08:00
rake works 2014-11-26T23:13:10-08:00
rake works 2014-11-26T23:14:11-08:00
rake works 2014-11-26T23:15:10-08:00
rake works 2014-11-26T23:16:10-08:00
rake works 2014-11-26T23:17:09-08:00
rake works 2014-11-26T23:18:11-08:00
rake works 2014-11-26T23:19:11-08:00
rake works 2014-11-26T23:20:11-08:00
rake works 2014-11-26T23:21:11-08:00
rake works 2014-11-26T23:22:11-08:00
rake works 2014-11-26T23:23:06-08:00
rake works 2014-11-26T23:24:10-08:00
rake works 2014-11-26T23:25:10-08:00
rake works 2014-11-26T23:26:05-08:00
rake works 2014-11-26T23:27:10-08:00
rake works 2014-11-26T23:28:11-08:00
rake works 2014-11-26T23:29:10-08:00
rake works 2014-11-26T23:30:10-08:00
rake works 2014-11-26T23:31:06-08:00
rake works 2014-11-26T23:32:07-08:00
rake works 2014-11-26T23:33:10-08:00
rake works 2014-11-26T23:34:09-08:00
rake works 2014-11-26T23:35:09-08:00
rake works 2014-11-26T23:36:10-08:00
rake works 2014-11-26T23:37:10-08:00
rake works 2014-11-26T23:38:10-08:00
rake works 2014-11-26T23:39:11-08:00
rake works 2014-11-26T23:40:09-08:00
rake works 2014-11-26T23:41:09-08:00
rake works 2014-11-26T23:42:10-08:00
rake works 2014-11-26T23:43:11-08:00
rake works 2014-11-26T23:44:11-08:00
rake works 2014-11-26T23:45:09-08:00
rake works 2014-11-26T23:46:09-08:00
rake works 2014-11-26T23:47:09-08:00
rake works 2014-11-26T23:48:10-08:00
rake works 2014-11-26T23:49:09-08:00
rake works 2014-11-26T23:50:09-08:00
rake works 2014-11-26T23:51:09-08:00
rake works 2014-11-26T23:52:10-08:00
rake works 2014-11-26T23:53:10-08:00
rake works 2014-11-26T23:54:10-08:00
rake works 2014-11-26T23:55:10-08:00
rake works 2014-11-26T23:56:10-08:00
rake works 2014-11-26T23:57:09-08:00
rake works 2014-11-26T23:58:10-08:00
rake works 2014-11-26T23:59:10-08:00
rake works 2014-11-27T00:00:12-08:00
rake works 2014-11-27T00:01:14-08:00
rake works 2014-11-27T00:02:10-08:00
rake works 2014-11-27T00:03:11-08:00
rake works 2014-11-27T00:04:10-08:00
rake works 2014-11-27T00:05:11-08:00
rake works 2014-11-27T00:06:12-08:00
rake works 2014-11-27T00:07:11-08:00
rake works 2014-11-27T00:08:12-08:00
rake works 2014-11-27T00:09:10-08:00
rake works 2014-11-27T00:10:06-08:00
rake works 2014-11-27T00:11:06-08:00
rake works 2014-11-27T00:12:04-08:00
rake works 2014-11-27T00:13:06-08:00
rake works 2014-11-27T00:14:06-08:00
rake works 2014-11-27T00:15:06-08:00
rake works 2014-11-27T00:16:07-08:00
rake works 2014-11-27T00:17:05-08:00
rake works 2014-11-27T00:18:05-08:00
rake works 2014-11-27T00:19:04-08:00
rake works 2014-11-27T00:20:05-08:00
rake works 2014-11-27T00:21:05-08:00
rake works 2014-11-27T00:22:05-08:00
rake works 2014-11-27T00:23:06-08:00
rake works 2014-11-27T00:24:05-08:00
rake works 2014-11-27T00:25:06-08:00
rake works 2014-11-27T00:26:06-08:00
rake works 2014-11-27T00:27:05-08:00
rake works 2014-11-27T00:28:05-08:00
rake works 2014-11-27T00:29:06-08:00
rake works 2014-11-27T00:30:05-08:00
rake works 2014-11-27T00:31:06-08:00
rake works 2014-11-27T00:32:06-08:00
rake works 2014-11-27T00:33:07-08:00
rake works 2014-11-27T00:34:05-08:00
rake works 2014-11-27T00:35:05-08:00
rake works 2014-11-27T00:36:05-08:00
rake works 2014-11-27T00:37:06-08:00
rake works 2014-11-27T00:38:05-08:00
rake works 2014-11-27T00:39:06-08:00
rake works 2014-11-27T00:40:05-08:00
rake works 2014-11-27T00:41:04-08:00
rake works 2014-11-27T00:42:04-08:00
rake works 2014-11-27T00:43:05-08:00
rake works 2014-11-27T00:44:04-08:00
rake works 2014-11-27T00:45:05-08:00
rake works 2014-11-27T00:46:04-08:00
rake works 2014-11-27T00:47:06-08:00
rake works 2014-11-27T00:48:04-08:00
rake works 2014-11-27T00:49:05-08:00
rake works 2014-11-27T00:50:06-08:00
rake works 2014-11-27T00:51:03-08:00
rake works 2014-11-27T00:52:04-08:00
rake works 2014-11-27T00:53:04-08:00
rake works 2014-11-27T00:54:06-08:00
rake works 2014-11-27T00:55:05-08:00
rake works 2014-11-27T00:56:04-08:00
rake works 2014-11-27T00:57:04-08:00
rake works 2014-11-27T00:58:04-08:00
rake works 2014-11-27T00:59:05-08:00
rake works 2014-11-27T01:00:05-08:00
rake works 2014-11-27T01:01:06-08:00
rake works 2014-11-27T01:02:05-08:00
rake works 2014-11-27T01:03:05-08:00
rake works 2014-11-27T01:04:04-08:00
rake works 2014-11-27T01:05:05-08:00
rake works 2014-11-27T01:06:05-08:00
rake works 2014-11-27T01:07:04-08:00
rake works 2014-11-27T01:08:05-08:00
rake works 2014-11-27T01:09:05-08:00
rake works 2014-11-27T01:10:05-08:00
rake works 2014-11-27T01:11:04-08:00
rake works 2014-11-27T01:12:04-08:00
rake works 2014-11-27T01:13:03-08:00
rake works 2014-11-27T01:14:04-08:00
rake works 2014-11-27T01:15:04-08:00
rake works 2014-11-27T01:16:06-08:00
rake works 2014-11-27T01:17:04-08:00
rake works 2014-11-27T01:18:05-08:00
rake works 2014-11-27T01:19:04-08:00
rake works 2014-11-27T01:20:05-08:00
rake works 2014-11-27T01:21:06-08:00
rake works 2014-11-27T01:22:04-08:00
rake works 2014-11-27T01:23:04-08:00
rake works 2014-11-27T01:24:05-08:00
rake works 2014-11-27T01:25:05-08:00
rake works 2014-11-27T01:26:05-08:00
rake works 2014-11-27T01:27:03-08:00
rake works 2014-11-27T01:28:04-08:00
rake works 2014-11-27T01:29:04-08:00
rake works 2014-11-27T01:30:05-08:00
rake works 2014-11-27T01:31:08-08:00
rake works 2014-11-27T01:32:05-08:00
rake works 2014-11-27T01:33:06-08:00
rake works 2014-11-27T01:34:04-08:00
rake works 2014-11-27T01:35:05-08:00
rake works 2014-11-27T01:36:05-08:00
rake works 2014-11-27T01:37:06-08:00
rake works 2014-11-27T01:38:05-08:00
rake works 2014-11-27T01:39:06-08:00
rake works 2014-11-27T01:40:05-08:00
rake works 2014-11-27T01:41:04-08:00
rake works 2014-11-27T01:42:05-08:00
rake works 2014-11-27T01:43:06-08:00
rake works 2014-11-27T01:44:04-08:00
rake works 2014-11-27T01:45:05-08:00
rake works 2014-11-27T01:46:03-08:00
rake works 2014-11-27T01:47:05-08:00
rake works 2014-11-27T01:48:05-08:00
rake works 2014-11-27T01:49:04-08:00
rake works 2014-11-27T01:50:05-08:00
rake works 2014-11-27T01:51:04-08:00
rake works 2014-11-27T01:52:05-08:00
rake works 2014-11-27T01:53:03-08:00
rake works 2014-11-27T01:54:05-08:00
rake works 2014-11-27T01:55:05-08:00
rake works 2014-11-27T01:56:04-08:00
rake works 2014-11-27T01:57:04-08:00
rake works 2014-11-27T01:58:05-08:00
rake works 2014-11-27T01:59:05-08:00
rake works 2014-11-27T02:00:04-08:00
rake works 2014-11-27T02:01:05-08:00
rake works 2014-11-27T02:02:06-08:00
rake works 2014-11-27T02:03:05-08:00
rake works 2014-11-27T02:04:06-08:00
rake works 2014-11-27T02:05:03-08:00
rake works 2014-11-27T02:06:06-08:00
rake works 2014-11-27T02:07:03-08:00
rake works 2014-11-27T02:08:05-08:00
rake works 2014-11-27T02:09:05-08:00
rake works 2014-11-27T02:10:04-08:00
rake works 2014-11-27T02:11:04-08:00
rake works 2014-11-27T02:12:05-08:00
rake works 2014-11-27T02:13:04-08:00
rake works 2014-11-27T02:14:05-08:00
rake works 2014-11-27T02:15:05-08:00
rake works 2014-11-27T02:16:04-08:00
rake works 2014-11-27T02:17:05-08:00
rake works 2014-11-27T02:18:06-08:00
rake works 2014-11-27T02:19:05-08:00
rake works 2014-11-27T02:20:05-08:00
rake works 2014-11-27T02:21:05-08:00
rake works 2014-11-27T02:22:05-08:00
rake works 2014-11-27T02:23:04-08:00
rake works 2014-11-27T02:24:06-08:00
rake works 2014-11-27T02:25:05-08:00
rake works 2014-11-27T02:26:04-08:00
rake works 2014-11-27T02:27:04-08:00
rake works 2014-11-27T02:28:04-08:00
rake works 2014-11-27T02:29:05-08:00
rake works 2014-11-27T02:30:05-08:00
rake works 2014-11-27T02:31:04-08:00
rake works 2014-11-27T02:32:07-08:00
rake works 2014-11-27T02:33:05-08:00
rake works 2014-11-27T02:34:03-08:00
rake works 2014-11-27T02:35:04-08:00
rake works 2014-11-27T02:36:05-08:00
rake works 2014-11-27T02:37:04-08:00
rake works 2014-11-27T02:38:05-08:00
rake works 2014-11-27T02:39:04-08:00
rake works 2014-11-27T02:40:06-08:00
rake works 2014-11-27T02:41:03-08:00
rake works 2014-11-27T02:42:06-08:00
rake works 2014-11-27T02:43:05-08:00
rake works 2014-11-27T02:44:04-08:00
rake works 2014-11-27T02:45:03-08:00
rake works 2014-11-27T02:46:05-08:00
rake works 2014-11-27T02:47:04-08:00
rake works 2014-11-27T02:48:05-08:00
rake works 2014-11-27T02:49:06-08:00
rake works 2014-11-27T02:50:04-08:00
rake works 2014-11-27T02:51:03-08:00
rake works 2014-11-27T02:52:05-08:00
rake works 2014-11-27T02:53:03-08:00
rake works 2014-11-27T02:54:06-08:00
rake works 2014-11-27T02:55:05-08:00
rake works 2014-11-27T02:56:04-08:00
rake works 2014-11-27T02:57:05-08:00
rake works 2014-11-27T02:58:03-08:00
rake works 2014-11-27T02:59:04-08:00
rake works 2014-11-27T03:00:06-08:00
rake works 2014-11-27T03:01:05-08:00
rake works 2014-11-27T03:02:04-08:00
rake works 2014-11-27T03:03:08-08:00
rake works 2014-11-27T03:04:05-08:00
rake works 2014-11-27T03:05:06-08:00
rake works 2014-11-27T03:06:05-08:00
rake works 2014-11-27T03:07:04-08:00
rake works 2014-11-27T03:08:05-08:00
rake works 2014-11-27T03:09:05-08:00
rake works 2014-11-27T03:10:05-08:00
rake works 2014-11-27T03:11:05-08:00
rake works 2014-11-27T03:12:05-08:00
rake works 2014-11-27T03:13:05-08:00
rake works 2014-11-27T03:14:04-08:00
rake works 2014-11-27T03:15:08-08:00
rake works 2014-11-27T03:16:04-08:00
rake works 2014-11-27T03:17:05-08:00
rake works 2014-11-27T03:18:05-08:00
rake works 2014-11-27T03:19:05-08:00
rake works 2014-11-27T03:20:04-08:00
rake works 2014-11-27T03:21:04-08:00
rake works 2014-11-27T03:22:05-08:00
rake works 2014-11-27T03:23:03-08:00
rake works 2014-11-27T03:24:06-08:00
rake works 2014-11-27T03:25:05-08:00
rake works 2014-11-27T03:26:05-08:00
rake works 2014-11-27T03:27:04-08:00
rake works 2014-11-27T03:28:03-08:00
rake works 2014-11-27T03:29:05-08:00
rake works 2014-11-27T03:30:04-08:00
rake works 2014-11-27T03:31:04-08:00
rake works 2014-11-27T03:32:05-08:00
rake works 2014-11-27T03:33:06-08:00
rake works 2014-11-27T03:34:05-08:00
rake works 2014-11-27T03:35:05-08:00
rake works 2014-11-27T03:36:05-08:00
rake works 2014-11-27T03:37:04-08:00
rake works 2014-11-27T03:38:04-08:00
rake works 2014-11-27T03:39:05-08:00
rake works 2014-11-27T03:40:05-08:00
rake works 2014-11-27T03:41:06-08:00
rake works 2014-11-27T03:42:04-08:00
rake works 2014-11-27T03:43:05-08:00
rake works 2014-11-27T03:44:03-08:00
rake works 2014-11-27T03:45:04-08:00
rake works 2014-11-27T03:46:04-08:00
rake works 2014-11-27T03:47:05-08:00
rake works 2014-11-27T03:48:05-08:00
rake works 2014-11-27T03:49:05-08:00
rake works 2014-11-27T03:50:05-08:00
rake works 2014-11-27T03:51:04-08:00
rake works 2014-11-27T03:52:05-08:00
rake works 2014-11-27T03:53:04-08:00
rake works 2014-11-27T03:54:06-08:00
rake works 2014-11-27T03:55:05-08:00
rake works 2014-11-27T03:56:04-08:00
rake works 2014-11-27T03:57:05-08:00
rake works 2014-11-27T03:58:04-08:00
rake works 2014-11-27T03:59:05-08:00
rake works 2014-11-27T04:00:04-08:00
rake works 2014-11-27T04:01:04-08:00
rake works 2014-11-27T04:02:05-08:00
rake works 2014-11-27T04:03:05-08:00
rake works 2014-11-27T04:04:05-08:00
rake works 2014-11-27T04:05:06-08:00
rake works 2014-11-27T04:06:04-08:00
rake works 2014-11-27T04:07:04-08:00
rake works 2014-11-27T04:08:04-08:00
rake works 2014-11-27T04:09:03-08:00
rake works 2014-11-27T04:10:05-08:00
rake works 2014-11-27T04:11:05-08:00
rake works 2014-11-27T04:12:04-08:00
rake works 2014-11-27T04:13:05-08:00
rake works 2014-11-27T04:14:06-08:00
rake works 2014-11-27T04:15:04-08:00
rake works 2014-11-27T04:16:04-08:00
rake works 2014-11-27T04:17:06-08:00
rake works 2014-11-27T04:18:05-08:00
rake works 2014-11-27T04:19:03-08:00
rake works 2014-11-27T04:20:06-08:00
rake works 2014-11-27T04:21:04-08:00
rake works 2014-11-27T04:22:04-08:00
rake works 2014-11-27T04:23:05-08:00
rake works 2014-11-27T04:24:04-08:00
rake works 2014-11-27T04:25:05-08:00
rake works 2014-11-27T04:26:04-08:00
rake works 2014-11-27T04:27:03-08:00
rake works 2014-11-27T04:28:04-08:00
rake works 2014-11-27T04:29:05-08:00
rake works 2014-11-27T04:30:04-08:00
rake works 2014-11-27T04:31:03-08:00
rake works 2014-11-27T04:32:06-08:00
rake works 2014-11-27T04:33:05-08:00
rake works 2014-11-27T04:34:05-08:00
rake works 2014-11-27T04:35:05-08:00
rake works 2014-11-27T04:36:05-08:00
rake works 2014-11-27T04:37:04-08:00
rake works 2014-11-27T04:38:05-08:00
rake works 2014-11-27T04:39:04-08:00
rake works 2014-11-27T04:40:05-08:00
rake works 2014-11-27T04:41:05-08:00
rake works 2014-11-27T04:42:04-08:00
rake works 2014-11-27T04:43:05-08:00
rake works 2014-11-27T04:44:03-08:00
rake works 2014-11-27T04:45:04-08:00
rake works 2014-11-27T04:46:04-08:00
rake works 2014-11-27T04:47:05-08:00
rake works 2014-11-27T04:48:05-08:00
rake works 2014-11-27T04:49:05-08:00
rake works 2014-11-27T04:50:05-08:00
rake works 2014-11-27T04:51:04-08:00
rake works 2014-11-27T04:52:05-08:00
rake works 2014-11-27T04:53:04-08:00
rake works 2014-11-27T04:54:05-08:00
rake works 2014-11-27T04:55:05-08:00
rake works 2014-11-27T04:56:04-08:00
rake works 2014-11-27T04:57:04-08:00
rake works 2014-11-27T04:58:04-08:00
rake works 2014-11-27T04:59:06-08:00
rake works 2014-11-27T05:00:05-08:00
rake works 2014-11-27T05:01:05-08:00
rake works 2014-11-27T05:02:05-08:00
rake works 2014-11-27T05:03:05-08:00
rake works 2014-11-27T05:04:05-08:00
rake works 2014-11-27T05:05:04-08:00
rake works 2014-11-27T05:06:04-08:00
rake works 2014-11-27T05:07:05-08:00
rake works 2014-11-27T05:08:04-08:00
rake works 2014-11-27T05:09:04-08:00
rake works 2014-11-27T05:10:05-08:00
rake works 2014-11-27T05:11:05-08:00
rake works 2014-11-27T05:12:04-08:00
rake works 2014-11-27T05:13:06-08:00
rake works 2014-11-27T05:14:05-08:00
rake works 2014-11-27T05:15:06-08:00
rake works 2014-11-27T05:16:04-08:00
rake works 2014-11-27T05:17:06-08:00
rake works 2014-11-27T05:18:05-08:00
rake works 2014-11-27T05:19:04-08:00
rake works 2014-11-27T05:20:05-08:00
rake works 2014-11-27T05:21:04-08:00
rake works 2014-11-27T05:22:04-08:00
rake works 2014-11-27T05:23:04-08:00
rake works 2014-11-27T05:24:03-08:00
rake works 2014-11-27T05:25:05-08:00
rake works 2014-11-27T05:26:04-08:00
rake works 2014-11-27T05:27:04-08:00
rake works 2014-11-27T05:28:05-08:00
rake works 2014-11-27T05:29:05-08:00
rake works 2014-11-27T05:30:05-08:00
rake works 2014-11-27T05:31:05-08:00
rake works 2014-11-27T05:32:05-08:00
rake works 2014-11-27T05:33:04-08:00
rake works 2014-11-27T05:34:06-08:00
rake works 2014-11-27T05:35:05-08:00
rake works 2014-11-27T05:36:03-08:00
rake works 2014-11-27T05:37:06-08:00
rake works 2014-11-27T05:38:05-08:00
rake works 2014-11-27T05:39:04-08:00
rake works 2014-11-27T05:40:06-08:00
rake works 2014-11-27T05:41:03-08:00
rake works 2014-11-27T05:42:03-08:00
rake works 2014-11-27T05:43:05-08:00
rake works 2014-11-27T05:44:04-08:00
rake works 2014-11-27T05:45:04-08:00
rake works 2014-11-27T05:46:05-08:00
rake works 2014-11-27T05:47:07-08:00
rake works 2014-11-27T05:48:04-08:00
rake works 2014-11-27T05:49:05-08:00
rake works 2014-11-27T05:50:05-08:00
rake works 2014-11-27T05:51:05-08:00
rake works 2014-11-27T05:52:05-08:00
rake works 2014-11-27T05:53:04-08:00
rake works 2014-11-27T05:54:06-08:00
rake works 2014-11-27T05:55:05-08:00
rake works 2014-11-27T05:56:04-08:00
rake works 2014-11-27T05:57:05-08:00
rake works 2014-11-27T05:58:05-08:00
rake works 2014-11-27T05:59:05-08:00
rake works 2014-11-27T06:00:04-08:00
rake works 2014-11-27T06:01:04-08:00
rake works 2014-11-27T06:02:06-08:00
rake works 2014-11-27T06:03:07-08:00
rake works 2014-11-27T06:04:05-08:00
rake works 2014-11-27T06:05:04-08:00
rake works 2014-11-27T06:06:05-08:00
rake works 2014-11-27T06:07:03-08:00
rake works 2014-11-27T06:08:05-08:00
rake works 2014-11-27T06:09:05-08:00
rake works 2014-11-27T06:10:05-08:00
rake works 2014-11-27T06:11:05-08:00
rake works 2014-11-27T06:12:06-08:00
rake works 2014-11-27T06:13:03-08:00
rake works 2014-11-27T06:14:04-08:00
rake works 2014-11-27T06:15:04-08:00
rake works 2014-11-27T06:16:05-08:00
rake works 2014-11-27T06:17:03-08:00
rake works 2014-11-27T06:18:06-08:00
rake works 2014-11-27T06:19:05-08:00
rake works 2014-11-27T06:20:04-08:00
rake works 2014-11-27T06:21:05-08:00
rake works 2014-11-27T06:22:06-08:00
rake works 2014-11-27T06:23:03-08:00
rake works 2014-11-27T06:24:04-08:00
rake works 2014-11-27T06:25:05-08:00
rake works 2014-11-27T06:26:04-08:00
rake works 2014-11-27T06:27:06-08:00
rake works 2014-11-27T06:28:05-08:00
rake works 2014-11-27T06:29:05-08:00
rake works 2014-11-27T06:30:04-08:00
rake works 2014-11-27T06:31:05-08:00
rake works 2014-11-27T06:32:05-08:00
rake works 2014-11-27T06:33:05-08:00
rake works 2014-11-27T06:34:05-08:00
rake works 2014-11-27T06:35:05-08:00
rake works 2014-11-27T06:36:03-08:00
rake works 2014-11-27T06:37:04-08:00
rake works 2014-11-27T06:38:05-08:00
rake works 2014-11-27T06:39:05-08:00
rake works 2014-11-27T06:40:05-08:00
rake works 2014-11-27T06:41:03-08:00
rake works 2014-11-27T06:42:09-08:00
rake works 2014-11-27T06:43:06-08:00
rake works 2014-11-27T06:44:06-08:00
rake works 2014-11-27T06:45:06-08:00
rake works 2014-11-27T06:46:05-08:00
rake works 2014-11-27T06:47:08-08:00
rake works 2014-11-27T06:48:05-08:00
rake works 2014-11-27T06:49:06-08:00
rake works 2014-11-27T06:50:04-08:00
rake works 2014-11-27T06:51:03-08:00
rake works 2014-11-27T06:52:04-08:00
rake works 2014-11-27T06:53:03-08:00
rake works 2014-11-27T06:54:05-08:00
rake works 2014-11-27T06:55:06-08:00
rake works 2014-11-27T06:56:06-08:00
rake works 2014-11-27T06:57:07-08:00
rake works 2014-11-27T06:58:06-08:00
rake works 2014-11-27T06:59:05-08:00
rake works 2014-11-27T07:00:05-08:00
rake works 2014-11-27T07:01:05-08:00
rake works 2014-11-27T07:02:06-08:00
rake works 2014-11-27T07:03:05-08:00
rake works 2014-11-27T07:04:07-08:00
rake works 2014-11-27T07:05:05-08:00
rake works 2014-11-27T07:06:04-08:00
rake works 2014-11-27T07:07:04-08:00
rake works 2014-11-27T07:08:03-08:00
rake works 2014-11-27T07:09:03-08:00
rake works 2014-11-27T07:10:05-08:00
rake works 2014-11-27T07:11:05-08:00
rake works 2014-11-27T07:12:04-08:00
rake works 2014-11-27T07:13:05-08:00
rake works 2014-11-27T07:14:03-08:00
rake works 2014-11-27T07:15:04-08:00
rake works 2014-11-27T07:16:04-08:00
rake works 2014-11-27T07:17:04-08:00
rake works 2014-11-27T07:18:05-08:00
rake works 2014-11-27T07:19:03-08:00
rake works 2014-11-27T07:20:04-08:00
rake works 2014-11-27T07:21:06-08:00
rake works 2014-11-27T07:22:05-08:00
rake works 2014-11-27T07:23:04-08:00
rake works 2014-11-27T07:24:04-08:00
rake works 2014-11-27T07:25:05-08:00
rake works 2014-11-27T07:26:04-08:00
rake works 2014-11-27T07:27:04-08:00
rake works 2014-11-27T07:28:05-08:00
rake works 2014-11-27T07:29:05-08:00
rake works 2014-11-27T07:30:04-08:00
rake works 2014-11-27T07:31:05-08:00
rake works 2014-11-27T07:32:05-08:00
rake works 2014-11-27T07:33:04-08:00
rake works 2014-11-27T07:34:05-08:00
rake works 2014-11-27T07:35:05-08:00
rake works 2014-11-27T07:36:04-08:00
rake works 2014-11-27T07:37:04-08:00
rake works 2014-11-27T07:38:05-08:00
rake works 2014-11-27T07:39:03-08:00
rake works 2014-11-27T07:40:06-08:00
rake works 2014-11-27T07:41:04-08:00
rake works 2014-11-27T07:42:04-08:00
rake works 2014-11-27T07:43:04-08:00
rake works 2014-11-27T07:44:05-08:00
rake works 2014-11-27T07:45:03-08:00
rake works 2014-11-27T07:46:03-08:00
rake works 2014-11-27T07:47:03-08:00
rake works 2014-11-27T07:48:04-08:00
rake works 2014-11-27T07:49:06-08:00
rake works 2014-11-27T07:50:06-08:00
rake works 2014-11-27T07:51:07-08:00
rake works 2014-11-27T07:52:05-08:00
rake works 2014-11-27T07:53:06-08:00
rake works 2014-11-27T07:54:06-08:00
rake works 2014-11-27T07:55:04-08:00
rake works 2014-11-27T07:56:04-08:00
rake works 2014-11-27T07:57:05-08:00
rake works 2014-11-27T07:58:06-08:00
rake works 2014-11-27T07:59:05-08:00
rake works 2014-11-27T08:00:05-08:00
rake works 2014-11-27T08:01:04-08:00
rake works 2014-11-27T08:02:04-08:00
rake works 2014-11-27T08:03:05-08:00
rake works 2014-11-27T08:04:05-08:00
rake works 2014-11-27T08:05:05-08:00
rake works 2014-11-27T08:06:04-08:00
rake works 2014-11-27T08:07:03-08:00
rake works 2014-11-27T08:08:03-08:00
rake works 2014-11-27T08:09:06-08:00
rake works 2014-11-27T08:10:04-08:00
rake works 2014-11-27T08:11:03-08:00
rake works 2014-11-27T08:12:06-08:00
rake works 2014-11-27T08:13:03-08:00
rake works 2014-11-27T08:14:06-08:00
rake works 2014-11-27T08:15:05-08:00
rake works 2014-11-27T08:16:05-08:00
rake works 2014-11-27T08:17:06-08:00
rake works 2014-11-27T08:18:06-08:00
rake works 2014-11-27T08:19:07-08:00
rake works 2014-11-27T08:20:05-08:00
rake works 2014-11-27T08:21:07-08:00
rake works 2014-11-27T08:22:06-08:00
rake works 2014-11-27T08:23:05-08:00
rake works 2014-11-27T08:24:05-08:00
rake works 2014-11-27T08:25:03-08:00
rake works 2014-11-27T08:26:05-08:00
rake works 2014-11-27T08:27:06-08:00
rake works 2014-11-27T08:28:05-08:00
rake works 2014-11-27T08:29:03-08:00
rake works 2014-11-27T08:30:04-08:00
rake works 2014-11-27T08:31:04-08:00
rake works 2014-11-27T08:32:04-08:00
rake works 2014-11-27T08:33:05-08:00
rake works 2014-11-27T08:34:04-08:00
rake works 2014-11-27T08:35:05-08:00
rake works 2014-11-27T08:36:04-08:00
rake works 2014-11-27T08:37:04-08:00
rake works 2014-11-27T08:38:04-08:00
rake works 2014-11-27T08:39:05-08:00
rake works 2014-11-27T08:40:04-08:00
rake works 2014-11-27T08:41:04-08:00
rake works 2014-11-27T08:42:04-08:00
rake works 2014-11-27T08:43:05-08:00
rake works 2014-11-27T08:44:05-08:00
rake works 2014-11-27T08:45:04-08:00
rake works 2014-11-27T08:46:04-08:00
rake works 2014-11-27T08:47:04-08:00
rake works 2014-11-27T08:48:03-08:00
rake works 2014-11-27T08:49:05-08:00
rake works 2014-11-27T08:50:05-08:00
rake works 2014-11-27T08:51:04-08:00
rake works 2014-11-27T08:52:04-08:00
rake works 2014-11-27T08:53:07-08:00
rake works 2014-11-27T08:54:05-08:00
rake works 2014-11-27T08:55:05-08:00
rake works 2014-11-27T08:56:06-08:00
rake works 2014-11-27T08:57:06-08:00
rake works 2014-11-27T08:58:05-08:00
rake works 2014-11-27T08:59:06-08:00
rake works 2014-11-27T09:00:05-08:00
rake works 2014-11-27T09:01:05-08:00
rake works 2014-11-27T09:02:05-08:00
rake works 2014-11-27T09:03:05-08:00
rake works 2014-11-27T09:04:05-08:00
rake works 2014-11-27T09:05:07-08:00
rake works 2014-11-27T09:06:05-08:00
rake works 2014-11-27T09:07:04-08:00
rake works 2014-11-27T09:08:06-08:00
rake works 2014-11-27T09:09:06-08:00
rake works 2014-11-27T09:10:04-08:00
rake works 2014-11-27T09:11:05-08:00
rake works 2014-11-27T09:12:06-08:00
rake works 2014-11-27T09:13:05-08:00
rake works 2014-11-27T09:14:05-08:00
rake works 2014-11-27T09:15:05-08:00
rake works 2014-11-27T09:16:03-08:00
rake works 2014-11-27T09:17:04-08:00
rake works 2014-11-27T09:18:05-08:00
rake works 2014-11-27T09:19:05-08:00
rake works 2014-11-27T09:20:05-08:00
rake works 2014-11-27T09:21:05-08:00
rake works 2014-11-27T09:22:04-08:00
rake works 2014-11-27T09:23:09-08:00
rake works 2014-11-27T09:24:08-08:00
rake works 2014-11-27T09:25:05-08:00
rake works 2014-11-27T09:26:05-08:00
rake works 2014-11-27T09:27:04-08:00
rake works 2014-11-27T09:28:04-08:00
rake works 2014-11-27T09:29:06-08:00
rake works 2014-11-27T09:30:05-08:00
rake works 2014-11-27T09:31:05-08:00
rake works 2014-11-27T09:32:06-08:00
rake works 2014-11-27T09:33:08-08:00
rake works 2014-11-27T09:34:06-08:00
rake works 2014-11-27T09:35:06-08:00
rake works 2014-11-27T09:36:06-08:00
rake works 2014-11-27T09:37:05-08:00
rake works 2014-11-27T09:38:06-08:00
rake works 2014-11-27T09:39:07-08:00
rake works 2014-11-27T09:40:05-08:00
rake works 2014-11-27T09:41:08-08:00
rake works 2014-11-27T09:42:04-08:00
rake works 2014-11-27T09:43:05-08:00
rake works 2014-11-27T09:44:06-08:00
rake works 2014-11-27T09:45:06-08:00
rake works 2014-11-27T09:46:05-08:00
rake works 2014-11-27T09:47:05-08:00
rake works 2014-11-27T09:48:08-08:00
rake works 2014-11-27T09:49:05-08:00
rake works 2014-11-27T09:50:06-08:00
rake works 2014-11-27T09:51:04-08:00
rake works 2014-11-27T09:52:06-08:00
rake works 2014-11-27T09:53:05-08:00
rake works 2014-11-27T09:54:06-08:00
rake works 2014-11-27T09:55:04-08:00
rake works 2014-11-27T09:56:04-08:00
rake works 2014-11-27T09:57:05-08:00
rake works 2014-11-27T09:58:06-08:00
rake works 2014-11-27T09:59:05-08:00
rake works 2014-11-27T10:00:04-08:00
rake works 2014-11-27T10:01:05-08:00
rake works 2014-11-27T10:02:06-08:00
rake works 2014-11-27T10:03:05-08:00
rake works 2014-11-27T10:04:05-08:00
rake works 2014-11-27T10:05:06-08:00
rake works 2014-11-27T10:06:06-08:00
rake works 2014-11-27T10:07:05-08:00
rake works 2014-11-27T10:08:06-08:00
rake works 2014-11-27T10:09:04-08:00
rake works 2014-11-27T10:10:07-08:00
rake works 2014-11-27T10:11:05-08:00
rake works 2014-11-27T10:12:04-08:00
rake works 2014-11-27T10:13:05-08:00
rake works 2014-11-27T10:14:06-08:00
rake works 2014-11-27T10:15:04-08:00
rake works 2014-11-27T10:16:06-08:00
rake works 2014-11-27T10:17:04-08:00
rake works 2014-11-27T10:18:05-08:00
rake works 2014-11-27T10:19:05-08:00
rake works 2014-11-27T10:20:06-08:00
rake works 2014-11-27T10:21:05-08:00
rake works 2014-11-27T10:22:04-08:00
rake works 2014-11-27T10:23:05-08:00
rake works 2014-11-27T10:24:04-08:00
rake works 2014-11-27T10:25:04-08:00
rake works 2014-11-27T10:26:05-08:00
rake works 2014-11-27T10:27:04-08:00
rake works 2014-11-27T10:28:06-08:00
rake works 2014-11-27T10:29:04-08:00
rake works 2014-11-27T10:30:05-08:00
rake works 2014-11-27T10:31:04-08:00
rake works 2014-11-27T10:32:05-08:00
rake works 2014-11-27T10:33:05-08:00
rake works 2014-11-27T10:34:06-08:00
rake works 2014-11-27T10:35:05-08:00
rake works 2014-11-27T10:36:06-08:00
rake works 2014-11-27T10:37:04-08:00
rake works 2014-11-27T10:38:05-08:00
rake works 2014-11-27T10:39:06-08:00
rake works 2014-11-27T10:40:05-08:00
rake works 2014-11-27T10:41:05-08:00
rake works 2014-11-27T10:42:04-08:00
rake works 2014-11-27T10:43:05-08:00
rake works 2014-11-27T10:44:05-08:00
rake works 2014-11-27T10:45:05-08:00
rake works 2014-11-27T10:46:05-08:00
rake works 2014-11-27T10:47:05-08:00
rake works 2014-11-27T10:48:04-08:00
rake works 2014-11-27T10:49:04-08:00
rake works 2014-11-27T10:50:03-08:00
rake works 2014-11-27T10:51:05-08:00
rake works 2014-11-27T10:52:05-08:00
rake works 2014-11-27T10:53:05-08:00
rake works 2014-11-27T10:54:05-08:00
rake works 2014-11-27T10:55:04-08:00
rake works 2014-11-27T10:56:05-08:00
rake works 2014-11-27T10:57:05-08:00
rake works 2014-11-27T10:58:05-08:00
rake works 2014-11-27T10:59:04-08:00
rake works 2014-11-27T11:00:06-08:00
rake works 2014-11-27T11:01:04-08:00
rake works 2014-11-27T11:02:05-08:00
rake works 2014-11-27T11:03:04-08:00
rake works 2014-11-27T11:04:05-08:00
rake works 2014-11-27T11:05:05-08:00
rake works 2014-11-27T11:06:05-08:00
rake works 2014-11-27T11:07:05-08:00
rake works 2014-11-27T11:08:05-08:00
rake works 2014-11-27T11:09:05-08:00
rake works 2014-11-27T11:10:04-08:00
rake works 2014-11-27T11:11:05-08:00
rake works 2014-11-27T11:12:04-08:00
rake works 2014-11-27T11:13:04-08:00
rake works 2014-11-27T11:14:05-08:00
rake works 2014-11-27T11:15:05-08:00
rake works 2014-11-27T11:16:06-08:00
rake works 2014-11-27T11:17:05-08:00
rake works 2014-11-27T11:18:04-08:00
rake works 2014-11-27T11:19:06-08:00
rake works 2014-11-27T11:20:06-08:00
rake works 2014-11-27T11:21:05-08:00
rake works 2014-11-27T11:22:05-08:00
rake works 2014-11-27T11:23:09-08:00
rake works 2014-11-27T11:24:06-08:00
rake works 2014-11-27T11:25:07-08:00
rake works 2014-11-27T11:26:06-08:00
rake works 2014-11-27T11:27:05-08:00
rake works 2014-11-27T11:28:05-08:00
rake works 2014-11-27T11:29:05-08:00
rake works 2014-11-27T11:30:07-08:00
rake works 2014-11-27T11:31:07-08:00
rake works 2014-11-27T11:32:08-08:00
rake works 2014-11-27T11:33:05-08:00
rake works 2014-11-27T11:34:06-08:00
rake works 2014-11-27T11:35:06-08:00
rake works 2014-11-27T11:36:06-08:00
rake works 2014-11-27T11:37:07-08:00
rake works 2014-11-27T11:38:07-08:00
rake works 2014-11-27T11:39:05-08:00
rake works 2014-11-27T11:40:06-08:00
rake works 2014-11-27T11:41:04-08:00
rake works 2014-11-27T11:42:05-08:00
rake works 2014-11-27T11:43:05-08:00
rake works 2014-11-27T11:44:07-08:00
rake works 2014-11-27T11:45:05-08:00
rake works 2014-11-27T11:46:12-08:00
rake works 2014-11-27T11:47:06-08:00
rake works 2014-11-27T11:48:05-08:00
